Using pre-set license
Built from '2020.3/staging' branch; Version is '2020.3.23f1 (c5d91304a876) revision 12966163'; Using compiler version '192528614'; Build Type 'Release'
OS: 'Windows 10 Pro; OS build 22000.318; Version 2009; 64bit' Language: 'pt' Physical Memory: 16318 MB
BatchMode: 1, IsHumanControllingUs: 0, StartBugReporterOnCrash: 0, Is64bit: 1, IsPro: 0

COMMAND LINE ARGUMENTS:
D:\unity\2020.3.23f1\Editor\Unity.exe
-adb2
-batchMode
-noUpm
-name
AssetImportWorker0
-projectPath
E:/Faculdade/Game2.5D
-logFile
Logs/AssetImportWorker0.log
-srvPort
65521
Successfully changed project path to: E:/Faculdade/Game2.5D
E:/Faculdade/Game2.5D
Using Asset Import Pipeline V2.
Refreshing native plugins compatible for Editor in 70.49 ms, found 0 plugins.
Preloading 0 native plugins for Editor in 0.00 ms.
Initialize engine version: 2020.3.23f1 (c5d91304a876)
[Subsystems] Discovering subsystems at path D:/unity/2020.3.23f1/Editor/Data/Resources/UnitySubsystems
[Subsystems] Discovering subsystems at path E:/Faculdade/Game2.5D/Assets
GfxDevice: creating device client; threaded=0
Direct3D:
    Version:  Direct3D 11.0 [level 11.1]
    Renderer: NVIDIA GeForce GTX 1660 SUPER (ID=0x21c4)
    Vendor:   
    VRAM:     5992 MB
    Driver:   30.0.14.9709
Initialize mono
Mono path[0] = 'D:/unity/2020.3.23f1/Editor/Data/Managed'
Mono path[1] = 'D:/unity/2020.3.23f1/Editor/Data/MonoBleedingEdge/lib/mono/unityjit'
Mono config path = 'D:/unity/2020.3.23f1/Editor/Data/MonoBleedingEdge/etc'
Using monoOptions --debugger-agent=transport=dt_socket,embedding=1,server=y,suspend=n,address=127.0.0.1:56868
Begin MonoManager ReloadAssembly
Registering precompiled unity dll's ...
Register platform support module: D:/unity/2020.3.23f1/Editor/Data/PlaybackEngines/WindowsStandaloneSupport/UnityEditor.WindowsStandalone.Extensions.dll
Registered in 0.001113 seconds.
Native extension for WindowsStandalone target not found
Refreshing native plugins compatible for Editor in 71.97 ms, found 0 plugins.
Preloading 0 native plugins for Editor in 0.00 ms.
Mono: successfully reloaded assembly
- Completed reload, in  0.699 seconds
Domain Reload Profiling:
	ReloadAssembly (699ms)
		BeginReloadAssembly (74ms)
			ExecutionOrderSort (0ms)
			DisableScriptedObjects (0ms)
			BackupInstance (0ms)
			ReleaseScriptingObjects (0ms)
			CreateAndSetChildDomain (1ms)
		EndReloadAssembly (547ms)
			LoadAssemblies (73ms)
			RebuildTransferFunctionScriptingTraits (0ms)
			SetupTypeCache (175ms)
			ReleaseScriptCaches (0ms)
			RebuildScriptCaches (37ms)
			SetupLoadedEditorAssemblies (219ms)
				LogAssemblyErrors (0ms)
				InitializePlatformSupportModulesInManaged (4ms)
				SetLoadedEditorAssemblies (0ms)
				RefreshPlugins (72ms)
				BeforeProcessingInitializeOnLoad (11ms)
				ProcessInitializeOnLoadAttributes (96ms)
				ProcessInitializeOnLoadMethodAttributes (35ms)
				AfterProcessingInitializeOnLoad (0ms)
				EditorAssembliesLoaded (0ms)
			ExecutionOrderSort2 (0ms)
			AwakeInstancesAfterBackupRestoration (0ms)
Platform modules already initialized, skipping
Registering precompiled user dll's ...
Registered in 0.001305 seconds.
Begin MonoManager ReloadAssembly
Native extension for WindowsStandalone target not found
Refreshing native plugins compatible for Editor in 74.40 ms, found 0 plugins.
Preloading 0 native plugins for Editor in 0.00 ms.
Mono: successfully reloaded assembly
- Completed reload, in  1.112 seconds
Domain Reload Profiling:
	ReloadAssembly (1113ms)
		BeginReloadAssembly (182ms)
			ExecutionOrderSort (0ms)
			DisableScriptedObjects (7ms)
			BackupInstance (0ms)
			ReleaseScriptingObjects (0ms)
			CreateAndSetChildDomain (22ms)
		EndReloadAssembly (865ms)
			LoadAssemblies (112ms)
			RebuildTransferFunctionScriptingTraits (0ms)
			SetupTypeCache (276ms)
			ReleaseScriptCaches (1ms)
			RebuildScriptCaches (60ms)
			SetupLoadedEditorAssemblies (297ms)
				LogAssemblyErrors (0ms)
				InitializePlatformSupportModulesInManaged (3ms)
				SetLoadedEditorAssemblies (0ms)
				RefreshPlugins (74ms)
				BeforeProcessingInitializeOnLoad (78ms)
				ProcessInitializeOnLoadAttributes (127ms)
				ProcessInitializeOnLoadMethodAttributes (12ms)
				AfterProcessingInitializeOnLoad (2ms)
				EditorAssembliesLoaded (0ms)
			ExecutionOrderSort2 (0ms)
			AwakeInstancesAfterBackupRestoration (7ms)
Platform modules already initialized, skipping
========================================================================
Worker process is ready to serve import requests
Launched and connected shader compiler UnityShaderCompiler.exe after 0.25 seconds
Refreshing native plugins compatible for Editor in 0.60 ms, found 0 plugins.
Preloading 0 native plugins for Editor in 0.00 ms.
Unloading 2544 Unused Serialized files (Serialized files now loaded: 0)
System memory in use before: 219.8 MB.
System memory in use after: 220.1 MB.

Unloading 14 unused Assets to reduce memory usage. Loaded Objects now: 3018.
Total: 3.333100 ms (FindLiveObjects: 0.423800 ms CreateObjectMapping: 0.153000 ms MarkObjects: 2.721200 ms  DeleteObjects: 0.033600 ms)

AssetImportParameters requested are different than current active one (requested -> active):
  custom:framework-win-MediaFoundation: 216162199b28c13a410421893ffa2e32 -> 
  custom:video-decoder-ogg-theora: a1e56fd34408186e4bbccfd4996cb3dc -> 
  custom:container-muxer-webm: aa71ff27fc2769a1b78a27578f13a17b -> 
  custom:container-demuxer-webm: 4f35f7cbe854078d1ac9338744f61a02 -> 
  custom:container-demuxer-ogg: 62fdf1f143b41e24485cea50d1cbac27 -> 
  custom:video-encoder-webm-vp8: eb34c28f22e8b96e1ab97ce403110664 -> 
  custom:video-decoder-webm-vp8: 9c59270c3fd7afecdb556c50c9e8de78 -> 
  custom:audio-decoder-ogg-vorbis: bf7c407c2cedff20999df2af8eb42d56 -> 
  custom:audio-encoder-webm-vorbis: bf7c407c2cedff20999df2af8eb42d56 -> 
========================================================================
Received Import Request.
  path: Assets/5 – Camera/Boss 1.unity
  artifactKey: Guid(269ab9ed8e1dd994fa1ca0d6428426ec) Importer(815301076,1909f56bfc062723c751e8b465ee728b)
Start importing Assets/5 – Camera/Boss 1.unity using Guid(269ab9ed8e1dd994fa1ca0d6428426ec) Importer(815301076,1909f56bfc062723c751e8b465ee728b)  -> (artifact id: '0289cb5eb615da0418cecf4bc026d84e') in 0.021329 seconds 
  Import took 0.025387 seconds .

========================================================================
Received Import Request.
  Time since last request: 13.951067 seconds.
  path: Assets/5 – Camera/Boss 2.unity
  artifactKey: Guid(480602faed6b33545b9f3b77458a5f8c) Importer(815301076,1909f56bfc062723c751e8b465ee728b)
Start importing Assets/5 – Camera/Boss 2.unity using Guid(480602faed6b33545b9f3b77458a5f8c) Importer(815301076,1909f56bfc062723c751e8b465ee728b)  -> (artifact id: '5dee660cc16e0bad682830edcc6e6322') in 0.013948 seconds 
  Import took 0.018854 seconds .

========================================================================
Received Import Request.
  Time since last request: 116.611851 seconds.
  path: Assets/5 – Camera/Boss 2.unity
  artifactKey: Guid(480602faed6b33545b9f3b77458a5f8c) Importer(815301076,1909f56bfc062723c751e8b465ee728b)
Start importing Assets/5 – Camera/Boss 2.unity using Guid(480602faed6b33545b9f3b77458a5f8c) Importer(815301076,1909f56bfc062723c751e8b465ee728b)  -> (artifact id: 'db9100f6aca21a041c58b28dd1f675ba') in 0.003926 seconds 
  Import took 0.009707 seconds .

========================================================================
Received Import Request.
  Time since last request: 71.451355 seconds.
  path: Assets/5 – Camera/Boss 2.unity
  artifactKey: Guid(480602faed6b33545b9f3b77458a5f8c) Importer(815301076,1909f56bfc062723c751e8b465ee728b)
Start importing Assets/5 – Camera/Boss 2.unity using Guid(480602faed6b33545b9f3b77458a5f8c) Importer(815301076,1909f56bfc062723c751e8b465ee728b)  -> (artifact id: 'cfd47019b1ae10250482760821ea6970') in 0.003777 seconds 
  Import took 0.010580 seconds .

========================================================================
Received Import Request.
  Time since last request: 460.779014 seconds.
  path: Assets/5 – Camera/Boss 2.unity
  artifactKey: Guid(480602faed6b33545b9f3b77458a5f8c) Importer(815301076,1909f56bfc062723c751e8b465ee728b)
Start importing Assets/5 – Camera/Boss 2.unity using Guid(480602faed6b33545b9f3b77458a5f8c) Importer(815301076,1909f56bfc062723c751e8b465ee728b)  -> (artifact id: 'f097dcb9bcb9335b6c0c75c63e7ac6fc') in 0.005891 seconds 
  Import took 0.011930 seconds .

========================================================================
Received Import Request.
  Time since last request: 691.885233 seconds.
  path: Assets/Bandits - Pixel Art/Animations/Light Bandit
  artifactKey: Guid(589cc16c1bd89934ab5ca6f7d9a33cc2) Importer(815301076,1909f56bfc062723c751e8b465ee728b)
Start importing Assets/Bandits - Pixel Art/Animations/Light Bandit using Guid(589cc16c1bd89934ab5ca6f7d9a33cc2) Importer(815301076,1909f56bfc062723c751e8b465ee728b)  -> (artifact id: '5059c3fbf6058cab09e08a06662c9dd4') in 0.009422 seconds 
  Import took 0.015068 seconds .

========================================================================
Received Import Request.
  Time since last request: 5.038200 seconds.
  path: Assets/Bandits - Pixel Art/Environment
  artifactKey: Guid(b29169d975bb8094a9752a3da1ef1230) Importer(815301076,1909f56bfc062723c751e8b465ee728b)
Start importing Assets/Bandits - Pixel Art/Environment using Guid(b29169d975bb8094a9752a3da1ef1230) Importer(815301076,1909f56bfc062723c751e8b465ee728b)  -> (artifact id: 'f6da538ee91bb1fc199df568d0f35210') in 0.021628 seconds 
  Import took 0.029151 seconds .

========================================================================
Received Prepare
Registering precompiled user dll's ...
Registered in 0.001178 seconds.
Begin MonoManager ReloadAssembly
Native extension for WindowsStandalone target not found
Refreshing native plugins compatible for Editor in 0.58 ms, found 0 plugins.
Preloading 0 native plugins for Editor in 0.00 ms.
Mono: successfully reloaded assembly
- Completed reload, in  1.192 seconds
Domain Reload Profiling:
	ReloadAssembly (1193ms)
		BeginReloadAssembly (145ms)
			ExecutionOrderSort (0ms)
			DisableScriptedObjects (8ms)
			BackupInstance (0ms)
			ReleaseScriptingObjects (0ms)
			CreateAndSetChildDomain (30ms)
		EndReloadAssembly (967ms)
			LoadAssemblies (118ms)
			RebuildTransferFunctionScriptingTraits (0ms)
			SetupTypeCache (380ms)
			ReleaseScriptCaches (1ms)
			RebuildScriptCaches (72ms)
			SetupLoadedEditorAssemblies (262ms)
				LogAssemblyErrors (0ms)
				InitializePlatformSupportModulesInManaged (4ms)
				SetLoadedEditorAssemblies (1ms)
				RefreshPlugins (1ms)
				BeforeProcessingInitializeOnLoad (65ms)
				ProcessInitializeOnLoadAttributes (182ms)
				ProcessInitializeOnLoadMethodAttributes (7ms)
				AfterProcessingInitializeOnLoad (2ms)
				EditorAssembliesLoaded (0ms)
			ExecutionOrderSort2 (0ms)
			AwakeInstancesAfterBackupRestoration (13ms)
Platform modules already initialized, skipping
Refreshing native plugins compatible for Editor in 0.65 ms, found 0 plugins.
Preloading 0 native plugins for Editor in 0.00 ms.
Unloading 2426 Unused Serialized files (Serialized files now loaded: 0)
System memory in use before: 212.0 MB.
System memory in use after: 212.2 MB.

Unloading 6 unused Assets to reduce memory usage. Loaded Objects now: 3020.
Total: 4.281800 ms (FindLiveObjects: 0.267300 ms CreateObjectMapping: 0.137400 ms MarkObjects: 3.854300 ms  DeleteObjects: 0.021400 ms)

AssetImportParameters requested are different than current active one (requested -> active):
  custom:framework-win-MediaFoundation: 216162199b28c13a410421893ffa2e32 -> 
  custom:video-decoder-ogg-theora: a1e56fd34408186e4bbccfd4996cb3dc -> 
  custom:container-muxer-webm: aa71ff27fc2769a1b78a27578f13a17b -> 
  custom:container-demuxer-webm: 4f35f7cbe854078d1ac9338744f61a02 -> 
  custom:container-demuxer-ogg: 62fdf1f143b41e24485cea50d1cbac27 -> 
  custom:video-encoder-webm-vp8: eb34c28f22e8b96e1ab97ce403110664 -> 
  custom:video-decoder-webm-vp8: 9c59270c3fd7afecdb556c50c9e8de78 -> 
  custom:audio-decoder-ogg-vorbis: bf7c407c2cedff20999df2af8eb42d56 -> 
  custom:audio-encoder-webm-vorbis: bf7c407c2cedff20999df2af8eb42d56 -> 
========================================================================
Received Import Request.
  Time since last request: 35.179852 seconds.
  path: Assets/5 – Camera/Boss 2.unity
  artifactKey: Guid(480602faed6b33545b9f3b77458a5f8c) Importer(815301076,1909f56bfc062723c751e8b465ee728b)
Start importing Assets/5 – Camera/Boss 2.unity using Guid(480602faed6b33545b9f3b77458a5f8c) Importer(815301076,1909f56bfc062723c751e8b465ee728b)  -> (artifact id: 'c2a92dbd4b04e66ef26c111c06be03bd') in 0.028984 seconds 
  Import took 0.033558 seconds .

========================================================================
Received Prepare
Registering precompiled user dll's ...
Registered in 0.001313 seconds.
Begin MonoManager ReloadAssembly
Native extension for WindowsStandalone target not found
Refreshing native plugins compatible for Editor in 0.80 ms, found 0 plugins.
Preloading 0 native plugins for Editor in 0.00 ms.
Mono: successfully reloaded assembly
- Completed reload, in  1.137 seconds
Domain Reload Profiling:
	ReloadAssembly (1138ms)
		BeginReloadAssembly (139ms)
			ExecutionOrderSort (0ms)
			DisableScriptedObjects (7ms)
			BackupInstance (0ms)
			ReleaseScriptingObjects (0ms)
			CreateAndSetChildDomain (32ms)
		EndReloadAssembly (901ms)
			LoadAssemblies (137ms)
			RebuildTransferFunctionScriptingTraits (0ms)
			SetupTypeCache (336ms)
			ReleaseScriptCaches (2ms)
			RebuildScriptCaches (50ms)
			SetupLoadedEditorAssemblies (259ms)
				LogAssemblyErrors (0ms)
				InitializePlatformSupportModulesInManaged (4ms)
				SetLoadedEditorAssemblies (2ms)
				RefreshPlugins (1ms)
				BeforeProcessingInitializeOnLoad (67ms)
				ProcessInitializeOnLoadAttributes (174ms)
				ProcessInitializeOnLoadMethodAttributes (9ms)
				AfterProcessingInitializeOnLoad (2ms)
				EditorAssembliesLoaded (0ms)
			ExecutionOrderSort2 (0ms)
			AwakeInstancesAfterBackupRestoration (13ms)
Platform modules already initialized, skipping
Refreshing native plugins compatible for Editor in 0.59 ms, found 0 plugins.
Preloading 0 native plugins for Editor in 0.00 ms.
Unloading 2426 Unused Serialized files (Serialized files now loaded: 0)
System memory in use before: 212.0 MB.
System memory in use after: 212.3 MB.

Unloading 6 unused Assets to reduce memory usage. Loaded Objects now: 3022.
Total: 4.063200 ms (FindLiveObjects: 0.250900 ms CreateObjectMapping: 0.290600 ms MarkObjects: 3.501300 ms  DeleteObjects: 0.019300 ms)

AssetImportParameters requested are different than current active one (requested -> active):
  custom:framework-win-MediaFoundation: 216162199b28c13a410421893ffa2e32 -> 
  custom:video-decoder-ogg-theora: a1e56fd34408186e4bbccfd4996cb3dc -> 
  custom:container-muxer-webm: aa71ff27fc2769a1b78a27578f13a17b -> 
  custom:container-demuxer-webm: 4f35f7cbe854078d1ac9338744f61a02 -> 
  custom:container-demuxer-ogg: 62fdf1f143b41e24485cea50d1cbac27 -> 
  custom:video-encoder-webm-vp8: eb34c28f22e8b96e1ab97ce403110664 -> 
  custom:video-decoder-webm-vp8: 9c59270c3fd7afecdb556c50c9e8de78 -> 
  custom:audio-decoder-ogg-vorbis: bf7c407c2cedff20999df2af8eb42d56 -> 
  custom:audio-encoder-webm-vorbis: bf7c407c2cedff20999df2af8eb42d56 -> 
========================================================================
Received Prepare
Registering precompiled user dll's ...
Registered in 0.001259 seconds.
Begin MonoManager ReloadAssembly
Native extension for WindowsStandalone target not found
Refreshing native plugins compatible for Editor in 0.56 ms, found 0 plugins.
Preloading 0 native plugins for Editor in 0.00 ms.
Mono: successfully reloaded assembly
- Completed reload, in  1.080 seconds
Domain Reload Profiling:
	ReloadAssembly (1081ms)
		BeginReloadAssembly (135ms)
			ExecutionOrderSort (0ms)
			DisableScriptedObjects (8ms)
			BackupInstance (0ms)
			ReleaseScriptingObjects (0ms)
			CreateAndSetChildDomain (28ms)
		EndReloadAssembly (878ms)
			LoadAssemblies (110ms)
			RebuildTransferFunctionScriptingTraits (0ms)
			SetupTypeCache (285ms)
			ReleaseScriptCaches (2ms)
			RebuildScriptCaches (67ms)
			SetupLoadedEditorAssemblies (242ms)
				LogAssemblyErrors (0ms)
				InitializePlatformSupportModulesInManaged (5ms)
				SetLoadedEditorAssemblies (1ms)
				RefreshPlugins (1ms)
				BeforeProcessingInitializeOnLoad (65ms)
				ProcessInitializeOnLoadAttributes (159ms)
				ProcessInitializeOnLoadMethodAttributes (8ms)
				AfterProcessingInitializeOnLoad (3ms)
				EditorAssembliesLoaded (0ms)
			ExecutionOrderSort2 (0ms)
			AwakeInstancesAfterBackupRestoration (13ms)
Platform modules already initialized, skipping
Refreshing native plugins compatible for Editor in 1.01 ms, found 0 plugins.
Preloading 0 native plugins for Editor in 0.00 ms.
Unloading 2426 Unused Serialized files (Serialized files now loaded: 0)
System memory in use before: 212.1 MB.
System memory in use after: 212.3 MB.

Unloading 6 unused Assets to reduce memory usage. Loaded Objects now: 3024.
Total: 3.503200 ms (FindLiveObjects: 0.270000 ms CreateObjectMapping: 0.248300 ms MarkObjects: 2.924300 ms  DeleteObjects: 0.058700 ms)

AssetImportParameters requested are different than current active one (requested -> active):
  custom:framework-win-MediaFoundation: 216162199b28c13a410421893ffa2e32 -> 
  custom:video-decoder-ogg-theora: a1e56fd34408186e4bbccfd4996cb3dc -> 
  custom:container-muxer-webm: aa71ff27fc2769a1b78a27578f13a17b -> 
  custom:container-demuxer-webm: 4f35f7cbe854078d1ac9338744f61a02 -> 
  custom:container-demuxer-ogg: 62fdf1f143b41e24485cea50d1cbac27 -> 
  custom:video-encoder-webm-vp8: eb34c28f22e8b96e1ab97ce403110664 -> 
  custom:video-decoder-webm-vp8: 9c59270c3fd7afecdb556c50c9e8de78 -> 
  custom:audio-decoder-ogg-vorbis: bf7c407c2cedff20999df2af8eb42d56 -> 
  custom:audio-encoder-webm-vorbis: bf7c407c2cedff20999df2af8eb42d56 -> 
========================================================================
Received Prepare
Registering precompiled user dll's ...
Registered in 0.001282 seconds.
Begin MonoManager ReloadAssembly
Native extension for WindowsStandalone target not found
Refreshing native plugins compatible for Editor in 0.65 ms, found 0 plugins.
Preloading 0 native plugins for Editor in 0.00 ms.
Mono: successfully reloaded assembly
- Completed reload, in  1.082 seconds
Domain Reload Profiling:
	ReloadAssembly (1083ms)
		BeginReloadAssembly (138ms)
			ExecutionOrderSort (0ms)
			DisableScriptedObjects (7ms)
			BackupInstance (0ms)
			ReleaseScriptingObjects (0ms)
			CreateAndSetChildDomain (29ms)
		EndReloadAssembly (878ms)
			LoadAssemblies (116ms)
			RebuildTransferFunctionScriptingTraits (0ms)
			SetupTypeCache (291ms)
			ReleaseScriptCaches (1ms)
			RebuildScriptCaches (72ms)
			SetupLoadedEditorAssemblies (246ms)
				LogAssemblyErrors (0ms)
				InitializePlatformSupportModulesInManaged (4ms)
				SetLoadedEditorAssemblies (1ms)
				RefreshPlugins (1ms)
				BeforeProcessingInitializeOnLoad (66ms)
				ProcessInitializeOnLoadAttributes (164ms)
				ProcessInitializeOnLoadMethodAttributes (7ms)
				AfterProcessingInitializeOnLoad (2ms)
				EditorAssembliesLoaded (0ms)
			ExecutionOrderSort2 (0ms)
			AwakeInstancesAfterBackupRestoration (14ms)
Platform modules already initialized, skipping
Refreshing native plugins compatible for Editor in 0.60 ms, found 0 plugins.
Preloading 0 native plugins for Editor in 0.00 ms.
Unloading 2426 Unused Serialized files (Serialized files now loaded: 0)
System memory in use before: 212.1 MB.
System memory in use after: 212.3 MB.

Unloading 6 unused Assets to reduce memory usage. Loaded Objects now: 3026.
Total: 3.592500 ms (FindLiveObjects: 0.374500 ms CreateObjectMapping: 0.166500 ms MarkObjects: 3.027500 ms  DeleteObjects: 0.022700 ms)

AssetImportParameters requested are different than current active one (requested -> active):
  custom:framework-win-MediaFoundation: 216162199b28c13a410421893ffa2e32 -> 
  custom:video-decoder-ogg-theora: a1e56fd34408186e4bbccfd4996cb3dc -> 
  custom:container-muxer-webm: aa71ff27fc2769a1b78a27578f13a17b -> 
  custom:container-demuxer-webm: 4f35f7cbe854078d1ac9338744f61a02 -> 
  custom:container-demuxer-ogg: 62fdf1f143b41e24485cea50d1cbac27 -> 
  custom:video-encoder-webm-vp8: eb34c28f22e8b96e1ab97ce403110664 -> 
  custom:video-decoder-webm-vp8: 9c59270c3fd7afecdb556c50c9e8de78 -> 
  custom:audio-decoder-ogg-vorbis: bf7c407c2cedff20999df2af8eb42d56 -> 
  custom:audio-encoder-webm-vorbis: bf7c407c2cedff20999df2af8eb42d56 -> 
========================================================================
Received Prepare
Registering precompiled user dll's ...
Registered in 0.001225 seconds.
Begin MonoManager ReloadAssembly
Native extension for WindowsStandalone target not found
Refreshing native plugins compatible for Editor in 0.60 ms, found 0 plugins.
Preloading 0 native plugins for Editor in 0.00 ms.
Mono: successfully reloaded assembly
- Completed reload, in  1.061 seconds
Domain Reload Profiling:
	ReloadAssembly (1064ms)
		BeginReloadAssembly (156ms)
			ExecutionOrderSort (0ms)
			DisableScriptedObjects (15ms)
			BackupInstance (0ms)
			ReleaseScriptingObjects (0ms)
			CreateAndSetChildDomain (28ms)
		EndReloadAssembly (843ms)
			LoadAssemblies (114ms)
			RebuildTransferFunctionScriptingTraits (0ms)
			SetupTypeCache (298ms)
			ReleaseScriptCaches (1ms)
			RebuildScriptCaches (51ms)
			SetupLoadedEditorAssemblies (247ms)
				LogAssemblyErrors (0ms)
				InitializePlatformSupportModulesInManaged (4ms)
				SetLoadedEditorAssemblies (1ms)
				RefreshPlugins (1ms)
				BeforeProcessingInitializeOnLoad (65ms)
				ProcessInitializeOnLoadAttributes (166ms)
				ProcessInitializeOnLoadMethodAttributes (8ms)
				AfterProcessingInitializeOnLoad (2ms)
				EditorAssembliesLoaded (0ms)
			ExecutionOrderSort2 (0ms)
			AwakeInstancesAfterBackupRestoration (21ms)
Platform modules already initialized, skipping
Refreshing native plugins compatible for Editor in 0.56 ms, found 0 plugins.
Preloading 0 native plugins for Editor in 0.00 ms.
Unloading 2426 Unused Serialized files (Serialized files now loaded: 0)
System memory in use before: 212.0 MB.
System memory in use after: 212.2 MB.

Unloading 6 unused Assets to reduce memory usage. Loaded Objects now: 3028.
Total: 3.511900 ms (FindLiveObjects: 0.359100 ms CreateObjectMapping: 0.182500 ms MarkObjects: 2.947900 ms  DeleteObjects: 0.020600 ms)

AssetImportParameters requested are different than current active one (requested -> active):
  custom:framework-win-MediaFoundation: 216162199b28c13a410421893ffa2e32 -> 
  custom:video-decoder-ogg-theora: a1e56fd34408186e4bbccfd4996cb3dc -> 
  custom:container-muxer-webm: aa71ff27fc2769a1b78a27578f13a17b -> 
  custom:container-demuxer-webm: 4f35f7cbe854078d1ac9338744f61a02 -> 
  custom:container-demuxer-ogg: 62fdf1f143b41e24485cea50d1cbac27 -> 
  custom:video-encoder-webm-vp8: eb34c28f22e8b96e1ab97ce403110664 -> 
  custom:video-decoder-webm-vp8: 9c59270c3fd7afecdb556c50c9e8de78 -> 
  custom:audio-decoder-ogg-vorbis: bf7c407c2cedff20999df2af8eb42d56 -> 
  custom:audio-encoder-webm-vorbis: bf7c407c2cedff20999df2af8eb42d56 -> 
========================================================================
Received Prepare
Registering precompiled user dll's ...
Registered in 0.001193 seconds.
Begin MonoManager ReloadAssembly
Native extension for WindowsStandalone target not found
Refreshing native plugins compatible for Editor in 0.65 ms, found 0 plugins.
Preloading 0 native plugins for Editor in 0.00 ms.
Mono: successfully reloaded assembly
- Completed reload, in  1.089 seconds
Domain Reload Profiling:
	ReloadAssembly (1090ms)
		BeginReloadAssembly (161ms)
			ExecutionOrderSort (0ms)
			DisableScriptedObjects (8ms)
			BackupInstance (0ms)
			ReleaseScriptingObjects (0ms)
			CreateAndSetChildDomain (33ms)
		EndReloadAssembly (838ms)
			LoadAssemblies (130ms)
			RebuildTransferFunctionScriptingTraits (0ms)
			SetupTypeCache (284ms)
			ReleaseScriptCaches (1ms)
			RebuildScriptCaches (54ms)
			SetupLoadedEditorAssemblies (248ms)
				LogAssemblyErrors (0ms)
				InitializePlatformSupportModulesInManaged (4ms)
				SetLoadedEditorAssemblies (1ms)
				RefreshPlugins (1ms)
				BeforeProcessingInitializeOnLoad (66ms)
				ProcessInitializeOnLoadAttributes (164ms)
				ProcessInitializeOnLoadMethodAttributes (11ms)
				AfterProcessingInitializeOnLoad (2ms)
				EditorAssembliesLoaded (0ms)
			ExecutionOrderSort2 (0ms)
			AwakeInstancesAfterBackupRestoration (18ms)
Platform modules already initialized, skipping
Refreshing native plugins compatible for Editor in 0.74 ms, found 0 plugins.
Preloading 0 native plugins for Editor in 0.00 ms.
Unloading 2426 Unused Serialized files (Serialized files now loaded: 0)
System memory in use before: 212.1 MB.
System memory in use after: 212.3 MB.

Unloading 6 unused Assets to reduce memory usage. Loaded Objects now: 3030.
Total: 2.873900 ms (FindLiveObjects: 0.242000 ms CreateObjectMapping: 0.121000 ms MarkObjects: 2.475400 ms  DeleteObjects: 0.034300 ms)

AssetImportParameters requested are different than current active one (requested -> active):
  custom:framework-win-MediaFoundation: 216162199b28c13a410421893ffa2e32 -> 
  custom:video-decoder-ogg-theora: a1e56fd34408186e4bbccfd4996cb3dc -> 
  custom:container-muxer-webm: aa71ff27fc2769a1b78a27578f13a17b -> 
  custom:container-demuxer-webm: 4f35f7cbe854078d1ac9338744f61a02 -> 
  custom:container-demuxer-ogg: 62fdf1f143b41e24485cea50d1cbac27 -> 
  custom:video-encoder-webm-vp8: eb34c28f22e8b96e1ab97ce403110664 -> 
  custom:video-decoder-webm-vp8: 9c59270c3fd7afecdb556c50c9e8de78 -> 
  custom:audio-decoder-ogg-vorbis: bf7c407c2cedff20999df2af8eb42d56 -> 
  custom:audio-encoder-webm-vorbis: bf7c407c2cedff20999df2af8eb42d56 -> 
========================================================================
Received Import Request.
  Time since last request: 529.309368 seconds.
  path: Assets/5 – Camera/Boss 2.unity
  artifactKey: Guid(480602faed6b33545b9f3b77458a5f8c) Importer(815301076,1909f56bfc062723c751e8b465ee728b)
Start importing Assets/5 – Camera/Boss 2.unity using Guid(480602faed6b33545b9f3b77458a5f8c) Importer(815301076,1909f56bfc062723c751e8b465ee728b)  -> (artifact id: 'fb0bae25ef268fdde7b29d304798b1dd') in 0.061014 seconds 
  Import took 0.065285 seconds .

========================================================================
Received Import Request.
  Time since last request: 828.249322 seconds.
  path: Assets/Bandits - Pixel Art/Demo/Bandit.cs
  artifactKey: Guid(ba8b435a8dc3f604e9a13c4acd7081c2) Importer(815301076,1909f56bfc062723c751e8b465ee728b)
Start importing Assets/Bandits - Pixel Art/Demo/Bandit.cs using Guid(ba8b435a8dc3f604e9a13c4acd7081c2) Importer(815301076,1909f56bfc062723c751e8b465ee728b)  -> (artifact id: 'f6d9c9ead1685bfc4cb6bfe3ed579e40') in 0.052741 seconds 
  Import took 0.057100 seconds .

========================================================================
Received Import Request.
  Time since last request: 2359.911588 seconds.
  path: Assets/Bandits - Pixel Art/Animations/Light Bandit/LightBandit_AnimController.controller
  artifactKey: Guid(b95265f99b6d90e438df1308a89c8bab) Importer(815301076,1909f56bfc062723c751e8b465ee728b)
Start importing Assets/Bandits - Pixel Art/Animations/Light Bandit/LightBandit_AnimController.controller using Guid(b95265f99b6d90e438df1308a89c8bab) Importer(815301076,1909f56bfc062723c751e8b465ee728b)  -> (artifact id: '6c8b3678accc61de876d55b50da159d7') in 0.017758 seconds 
  Import took 0.024196 seconds .

========================================================================
Received Import Request.
  Time since last request: 177.554413 seconds.
  path: Assets/Common/Character/Warrior free set/Aniamtion/Warrior.controller
  artifactKey: Guid(312496b25d842af4a938e96c7d5aaee0) Importer(815301076,1909f56bfc062723c751e8b465ee728b)
Start importing Assets/Common/Character/Warrior free set/Aniamtion/Warrior.controller using Guid(312496b25d842af4a938e96c7d5aaee0) Importer(815301076,1909f56bfc062723c751e8b465ee728b)  -> (artifact id: 'a9ef0ad4b16708316fc8c0735216f91c') in 0.035920 seconds 
  Import took 0.043186 seconds .

========================================================================
Received Import Request.
  Time since last request: 134.315852 seconds.
  path: Assets/Bandits - Pixel Art/Animations/Heavy Bandit/HeavyBandit_Attack.anim
  artifactKey: Guid(55855508312d92143a67a54f910896a0) Importer(815301076,1909f56bfc062723c751e8b465ee728b)
Start importing Assets/Bandits - Pixel Art/Animations/Heavy Bandit/HeavyBandit_Attack.anim using Guid(55855508312d92143a67a54f910896a0) Importer(815301076,1909f56bfc062723c751e8b465ee728b)  -> (artifact id: '6b9e39c98a2af1808d1e2af5292957e0') in 0.015427 seconds 
  Import took 0.019505 seconds .

========================================================================
Received Import Request.
  Time since last request: 583.612017 seconds.
  path: Assets/Common/Character/Warrior free set/Aniamtion/New Animator Override Controller.overrideController
  artifactKey: Guid(0755de584c8fd894bb961a63db13003a) Importer(815301076,1909f56bfc062723c751e8b465ee728b)
Start importing Assets/Common/Character/Warrior free set/Aniamtion/New Animator Override Controller.overrideController using Guid(0755de584c8fd894bb961a63db13003a) Importer(815301076,1909f56bfc062723c751e8b465ee728b)  -> (artifact id: 'ddc6e3ed6105e6cd48720b16444e3d88') in 0.015907 seconds 
  Import took 0.020173 seconds .

========================================================================
Received Import Request.
  Time since last request: 917.086818 seconds.
  path: Assets/Common/Character/Warrior free set/Aniamtion/Death.anim
  artifactKey: Guid(36684c15dec018a4ca8dcf9c646e3c15) Importer(815301076,1909f56bfc062723c751e8b465ee728b)
Start importing Assets/Common/Character/Warrior free set/Aniamtion/Death.anim using Guid(36684c15dec018a4ca8dcf9c646e3c15) Importer(815301076,1909f56bfc062723c751e8b465ee728b)  -> (artifact id: '631eae58105c7da2d9b9150ce79a4e43') in 0.013491 seconds 
  Import took 0.018653 seconds .

AssetImportWorkerClient::OnTransportError - code=2 error=End of file
