Using pre-set license
Built from '2020.3/staging' branch; Version is '2020.3.23f1 (c5d91304a876) revision 12966163'; Using compiler version '192528614'; Build Type 'Release'
OS: 'Windows 10 Pro; OS build 22000.318; Version 2009; 64bit' Language: 'pt' Physical Memory: 16318 MB
BatchMode: 1, IsHumanControllingUs: 0, StartBugReporterOnCrash: 0, Is64bit: 1, IsPro: 0

COMMAND LINE ARGUMENTS:
D:\unity\2020.3.23f1\Editor\Unity.exe
-adb2
-batchMode
-noUpm
-name
AssetImportWorker0
-projectPath
E:/Faculdade/Game 2.5D
-logFile
Logs/AssetImportWorker0.log
-srvPort
59400
Successfully changed project path to: E:/Faculdade/Game 2.5D
E:/Faculdade/Game 2.5D
Using Asset Import Pipeline V2.
Refreshing native plugins compatible for Editor in 70.63 ms, found 0 plugins.
Preloading 0 native plugins for Editor in 0.00 ms.
Initialize engine version: 2020.3.23f1 (c5d91304a876)
[Subsystems] Discovering subsystems at path D:/unity/2020.3.23f1/Editor/Data/Resources/UnitySubsystems
[Subsystems] Discovering subsystems at path E:/Faculdade/Game 2.5D/Assets
GfxDevice: creating device client; threaded=0
Direct3D:
    Version:  Direct3D 11.0 [level 11.1]
    Renderer: NVIDIA GeForce GTX 1660 SUPER (ID=0x21c4)
    Vendor:   
    VRAM:     5992 MB
    Driver:   30.0.14.9676
Initialize mono
Mono path[0] = 'D:/unity/2020.3.23f1/Editor/Data/Managed'
Mono path[1] = 'D:/unity/2020.3.23f1/Editor/Data/MonoBleedingEdge/lib/mono/unityjit'
Mono config path = 'D:/unity/2020.3.23f1/Editor/Data/MonoBleedingEdge/etc'
Using monoOptions --debugger-agent=transport=dt_socket,embedding=1,server=y,suspend=n,address=127.0.0.1:56684
Begin MonoManager ReloadAssembly
Registering precompiled unity dll's ...
Register platform support module: D:/unity/2020.3.23f1/Editor/Data/PlaybackEngines/WindowsStandaloneSupport/UnityEditor.WindowsStandalone.Extensions.dll
Registered in 0.001060 seconds.
Native extension for WindowsStandalone target not found
Refreshing native plugins compatible for Editor in 74.11 ms, found 0 plugins.
Preloading 0 native plugins for Editor in 0.00 ms.
Mono: successfully reloaded assembly
- Completed reload, in  0.697 seconds
Domain Reload Profiling:
	ReloadAssembly (697ms)
		BeginReloadAssembly (72ms)
			ExecutionOrderSort (0ms)
			DisableScriptedObjects (0ms)
			BackupInstance (0ms)
			ReleaseScriptingObjects (0ms)
			CreateAndSetChildDomain (1ms)
		EndReloadAssembly (549ms)
			LoadAssemblies (71ms)
			RebuildTransferFunctionScriptingTraits (0ms)
			SetupTypeCache (177ms)
			ReleaseScriptCaches (0ms)
			RebuildScriptCaches (34ms)
			SetupLoadedEditorAssemblies (219ms)
				LogAssemblyErrors (0ms)
				InitializePlatformSupportModulesInManaged (4ms)
				SetLoadedEditorAssemblies (0ms)
				RefreshPlugins (74ms)
				BeforeProcessingInitializeOnLoad (11ms)
				ProcessInitializeOnLoadAttributes (96ms)
				ProcessInitializeOnLoadMethodAttributes (34ms)
				AfterProcessingInitializeOnLoad (0ms)
				EditorAssembliesLoaded (0ms)
			ExecutionOrderSort2 (0ms)
			AwakeInstancesAfterBackupRestoration (0ms)
Platform modules already initialized, skipping
Registering precompiled user dll's ...
Registered in 0.001221 seconds.
Begin MonoManager ReloadAssembly
Native extension for WindowsStandalone target not found
Refreshing native plugins compatible for Editor in 71.26 ms, found 0 plugins.
Preloading 0 native plugins for Editor in 0.00 ms.
Mono: successfully reloaded assembly
- Completed reload, in  1.146 seconds
Domain Reload Profiling:
	ReloadAssembly (1147ms)
		BeginReloadAssembly (175ms)
			ExecutionOrderSort (0ms)
			DisableScriptedObjects (5ms)
			BackupInstance (0ms)
			ReleaseScriptingObjects (0ms)
			CreateAndSetChildDomain (21ms)
		EndReloadAssembly (907ms)
			LoadAssemblies (109ms)
			RebuildTransferFunctionScriptingTraits (0ms)
			SetupTypeCache (284ms)
			ReleaseScriptCaches (1ms)
			RebuildScriptCaches (59ms)
			SetupLoadedEditorAssemblies (325ms)
				LogAssemblyErrors (0ms)
				InitializePlatformSupportModulesInManaged (3ms)
				SetLoadedEditorAssemblies (0ms)
				RefreshPlugins (71ms)
				BeforeProcessingInitializeOnLoad (82ms)
				ProcessInitializeOnLoadAttributes (151ms)
				ProcessInitializeOnLoadMethodAttributes (14ms)
				AfterProcessingInitializeOnLoad (3ms)
				EditorAssembliesLoaded (0ms)
			ExecutionOrderSort2 (0ms)
			AwakeInstancesAfterBackupRestoration (7ms)
Platform modules already initialized, skipping
========================================================================
Worker process is ready to serve import requests
Launched and connected shader compiler UnityShaderCompiler.exe after 0.17 seconds
Refreshing native plugins compatible for Editor in 0.80 ms, found 0 plugins.
Preloading 0 native plugins for Editor in 0.00 ms.
Unloading 2491 Unused Serialized files (Serialized files now loaded: 0)
System memory in use before: 212.9 MB.
System memory in use after: 213.1 MB.

Unloading 14 unused Assets to reduce memory usage. Loaded Objects now: 2964.
Total: 2.941900 ms (FindLiveObjects: 0.239700 ms CreateObjectMapping: 0.128400 ms MarkObjects: 2.548500 ms  DeleteObjects: 0.024200 ms)

AssetImportParameters requested are different than current active one (requested -> active):
  custom:framework-win-MediaFoundation: 216162199b28c13a410421893ffa2e32 -> 
  custom:video-decoder-ogg-theora: a1e56fd34408186e4bbccfd4996cb3dc -> 
  custom:container-muxer-webm: aa71ff27fc2769a1b78a27578f13a17b -> 
  custom:container-demuxer-webm: 4f35f7cbe854078d1ac9338744f61a02 -> 
  custom:container-demuxer-ogg: 62fdf1f143b41e24485cea50d1cbac27 -> 
  custom:video-encoder-webm-vp8: eb34c28f22e8b96e1ab97ce403110664 -> 
  custom:video-decoder-webm-vp8: 9c59270c3fd7afecdb556c50c9e8de78 -> 
  custom:audio-decoder-ogg-vorbis: bf7c407c2cedff20999df2af8eb42d56 -> 
  custom:audio-encoder-webm-vorbis: bf7c407c2cedff20999df2af8eb42d56 -> 
========================================================================
Received Import Request.
  path: Assets/4 – Hinge/gate.png
  artifactKey: Guid(ded906858b1f74c9e906901c5524afec) Importer(815301076,1909f56bfc062723c751e8b465ee728b)
Start importing Assets/4 – Hinge/gate.png using Guid(ded906858b1f74c9e906901c5524afec) Importer(815301076,1909f56bfc062723c751e8b465ee728b)  -> (artifact id: 'dfcb241f598ab811fd731230c6ee884a') in 0.148185 seconds 
  Import took 0.153200 seconds .

========================================================================
Received Import Request.
  Time since last request: 0.000428 seconds.
  path: Assets/5 – Camera/Camera.unity
  artifactKey: Guid(3cf359150d70847bc920586793c52ddb) Importer(815301076,1909f56bfc062723c751e8b465ee728b)
Start importing Assets/5 – Camera/Camera.unity using Guid(3cf359150d70847bc920586793c52ddb) Importer(815301076,1909f56bfc062723c751e8b465ee728b)  -> (artifact id: 'bb568420b2a2a3c9ced2db4faa817046') in 0.014710 seconds 
  Import took 0.019208 seconds .

========================================================================
Received Import Request.
  Time since last request: 0.000225 seconds.
  path: Assets/2 – Depth/Unlit Sprite.mat
  artifactKey: Guid(8199f35df8d8948c4ae1e5f30de0ba76) Importer(815301076,1909f56bfc062723c751e8b465ee728b)
Start importing Assets/2 – Depth/Unlit Sprite.mat using Guid(8199f35df8d8948c4ae1e5f30de0ba76) Importer(815301076,1909f56bfc062723c751e8b465ee728b)  -> (artifact id: '02db21452a518bfe6dd0b61c7c451da6') in 0.058764 seconds 
  Import took 0.063892 seconds .

========================================================================
Received Import Request.
  Time since last request: 0.000180 seconds.
  path: Assets/4 – Hinge/Gate.mat
  artifactKey: Guid(6c6161570e2ea4eab82fa7520fe2e71e) Importer(815301076,1909f56bfc062723c751e8b465ee728b)
Start importing Assets/4 – Hinge/Gate.mat using Guid(6c6161570e2ea4eab82fa7520fe2e71e) Importer(815301076,1909f56bfc062723c751e8b465ee728b)  -> (artifact id: 'f219ed7b4fe2ab635fd0f5137e90cc60') in 0.019649 seconds 
  Import took 0.024518 seconds .

========================================================================
Received Import Request.
  Time since last request: 0.000173 seconds.
  path: Assets/4 – Hinge/fance.png
  artifactKey: Guid(01c1e5aad61214aeb9e41bcdcfbe2c87) Importer(815301076,1909f56bfc062723c751e8b465ee728b)
Start importing Assets/4 – Hinge/fance.png using Guid(01c1e5aad61214aeb9e41bcdcfbe2c87) Importer(815301076,1909f56bfc062723c751e8b465ee728b)  -> (artifact id: '87359a47d62c7308138b3ffeb6a0641a') in 0.029666 seconds 
  Import took 0.035547 seconds .

========================================================================
Received Import Request.
  Time since last request: 16.388802 seconds.
  path: Assets/Settings/ForwardRenderer.asset
  artifactKey: Guid(4a8e21d5c33334b11b34a596161b9360) Importer(815301076,1909f56bfc062723c751e8b465ee728b)
Start importing Assets/Settings/ForwardRenderer.asset using Guid(4a8e21d5c33334b11b34a596161b9360) Importer(815301076,1909f56bfc062723c751e8b465ee728b)  -> (artifact id: 'e235d8383d7645b3cafdd0099aca1bcc') in 0.368106 seconds 
  Import took 0.372480 seconds .

========================================================================
Received Import Request.
  Time since last request: 0.000244 seconds.
  path: Assets/Settings/UniversalRP-LowQuality.asset
  artifactKey: Guid(a31e9f9f9c9d4b9429ed0d1234e22103) Importer(815301076,1909f56bfc062723c751e8b465ee728b)
Start importing Assets/Settings/UniversalRP-LowQuality.asset using Guid(a31e9f9f9c9d4b9429ed0d1234e22103) Importer(815301076,1909f56bfc062723c751e8b465ee728b)  -> (artifact id: 'f149f1c85a2f6ef1a90a6770793cfe99') in 0.061405 seconds 
  Import took 0.065924 seconds .

========================================================================
Received Import Request.
  Time since last request: 0.000275 seconds.
  path: Assets/Presets/AudioStreaming.preset
  artifactKey: Guid(86bcce7f5575b54408aa0f3a7d321039) Importer(815301076,1909f56bfc062723c751e8b465ee728b)
Start importing Assets/Presets/AudioStreaming.preset using Guid(86bcce7f5575b54408aa0f3a7d321039) Importer(815301076,1909f56bfc062723c751e8b465ee728b)  -> (artifact id: 'bca02f7813a3489ee830f437d17e4a52') in 0.024617 seconds 
  Import took 0.028556 seconds .

========================================================================
Received Import Request.
  Time since last request: 0.000215 seconds.
  path: Assets/Presets/AudioCompressedInMemory.preset
  artifactKey: Guid(2dd802e4d37c65149922028d3e973832) Importer(815301076,1909f56bfc062723c751e8b465ee728b)
Start importing Assets/Presets/AudioCompressedInMemory.preset using Guid(2dd802e4d37c65149922028d3e973832) Importer(815301076,1909f56bfc062723c751e8b465ee728b)  -> (artifact id: 'b7bf7cf074f466c610d4a9091d59e25b') in 0.024104 seconds 
  Import took 0.027702 seconds .

========================================================================
Received Import Request.
  Time since last request: 0.000194 seconds.
  path: Assets/Settings/UniversalRP-MediumQuality.asset
  artifactKey: Guid(d847b876476d3d6468f5dfcd34266f96) Importer(815301076,1909f56bfc062723c751e8b465ee728b)
Start importing Assets/Settings/UniversalRP-MediumQuality.asset using Guid(d847b876476d3d6468f5dfcd34266f96) Importer(815301076,1909f56bfc062723c751e8b465ee728b)  -> (artifact id: '3da9edf6e218646a91afe1e469b0be2f') in 0.026723 seconds 
  Import took 0.030875 seconds .

========================================================================
Received Import Request.
  Time since last request: 0.000234 seconds.
  path: Assets/Presets/NormalTexture.preset
  artifactKey: Guid(14a57cf3b9fa1c74b884aa7e0dcf1faa) Importer(815301076,1909f56bfc062723c751e8b465ee728b)
Start importing Assets/Presets/NormalTexture.preset using Guid(14a57cf3b9fa1c74b884aa7e0dcf1faa) Importer(815301076,1909f56bfc062723c751e8b465ee728b)  -> (artifact id: '0d8628f5d18a724446329bc02d06fe1e') in 0.025202 seconds 
  Import took 0.029070 seconds .

========================================================================
Received Import Request.
  Time since last request: 0.000158 seconds.
  path: Assets/Settings/UniversalRP-HighQuality.asset
  artifactKey: Guid(19ba41d7c0026c3459d37c2fe90c55a0) Importer(815301076,1909f56bfc062723c751e8b465ee728b)
Start importing Assets/Settings/UniversalRP-HighQuality.asset using Guid(19ba41d7c0026c3459d37c2fe90c55a0) Importer(815301076,1909f56bfc062723c751e8b465ee728b)  -> (artifact id: 'd3387de634cd14fe3bd31b4b24f25ea6') in 0.026100 seconds 
  Import took 0.030315 seconds .

========================================================================
Received Import Request.
  Time since last request: 0.000233 seconds.
  path: Assets/Presets/UtilityTexture.preset
  artifactKey: Guid(45f7b2e3c78185248b3adbb14429c2ab) Importer(815301076,1909f56bfc062723c751e8b465ee728b)
Start importing Assets/Presets/UtilityTexture.preset using Guid(45f7b2e3c78185248b3adbb14429c2ab) Importer(815301076,1909f56bfc062723c751e8b465ee728b)  -> (artifact id: 'd0709480a909d29a196269d2c8a09e39') in 0.024569 seconds 
  Import took 0.028205 seconds .

========================================================================
Received Import Request.
  Time since last request: 6.020938 seconds.
  path: Assets/Common/Sprites/Cainos
  artifactKey: Guid(7c0463114f7aa5b4d94d939466d91b6b) Importer(815301076,1909f56bfc062723c751e8b465ee728b)
Start importing Assets/Common/Sprites/Cainos using Guid(7c0463114f7aa5b4d94d939466d91b6b) Importer(815301076,1909f56bfc062723c751e8b465ee728b)  -> (artifact id: 'c5a0e3c0e343763fa411381276e6ba88') in 0.009462 seconds 
  Import took 0.013614 seconds .

========================================================================
Received Import Request.
  Time since last request: 99.540151 seconds.
  path: Assets/Common/Materials/Cartoon_Texture_Pack/GRASS/GRASS_Flower/GRASS_Flower_Tint_02/Texture/Grass_Flower_Tint_02_Base_AO.png
  artifactKey: Guid(0f3a2c212c46e1a4a9e33778695670fe) Importer(815301076,1909f56bfc062723c751e8b465ee728b)
Start importing Assets/Common/Materials/Cartoon_Texture_Pack/GRASS/GRASS_Flower/GRASS_Flower_Tint_02/Texture/Grass_Flower_Tint_02_Base_AO.png using Guid(0f3a2c212c46e1a4a9e33778695670fe) Importer(815301076,1909f56bfc062723c751e8b465ee728b)  -> (artifact id: '567a9e7392141331087a69c6eddaa854') in 0.017005 seconds 
  Import took 0.021951 seconds .

========================================================================
Received Import Request.
  Time since last request: 0.000186 seconds.
  path: Assets/Common/Materials/Cartoon_Texture_Pack/GRASS/GRASS_Flower/GRASS_Flower_Tint_02/Texture/Grass_Flower_Tint_02_FlowerBlue_B_AO.png
  artifactKey: Guid(5ba097c34ef6fec4290be19df325414e) Importer(815301076,1909f56bfc062723c751e8b465ee728b)
Start importing Assets/Common/Materials/Cartoon_Texture_Pack/GRASS/GRASS_Flower/GRASS_Flower_Tint_02/Texture/Grass_Flower_Tint_02_FlowerBlue_B_AO.png using Guid(5ba097c34ef6fec4290be19df325414e) Importer(815301076,1909f56bfc062723c751e8b465ee728b)  -> (artifact id: '16c8714abe3fa927d2344dbb76ad7acf') in 0.027325 seconds 
  Import took 0.032019 seconds .

========================================================================
Received Import Request.
  Time since last request: 0.000303 seconds.
  path: Assets/Common/Materials/Cartoon_Texture_Pack/GRASS/GRASS_Flower/GRASS_Flower_Tint_02/Texture/Grass_Flower_Tint_02_FlowerBlue_A_Metallic.png
  artifactKey: Guid(7fd0b312ec0436c4dbdb7531bd2f0cde) Importer(815301076,1909f56bfc062723c751e8b465ee728b)
Start importing Assets/Common/Materials/Cartoon_Texture_Pack/GRASS/GRASS_Flower/GRASS_Flower_Tint_02/Texture/Grass_Flower_Tint_02_FlowerBlue_A_Metallic.png using Guid(7fd0b312ec0436c4dbdb7531bd2f0cde) Importer(815301076,1909f56bfc062723c751e8b465ee728b)  -> (artifact id: '736c24b234222897b4394b96016df368') in 0.031293 seconds 
  Import took 0.037093 seconds .

========================================================================
Received Import Request.
  Time since last request: 0.000702 seconds.
  path: Assets/Common/Materials/Cartoon_Texture_Pack/GRASS/GRASS_Flower/GRASS_Flower_Tint_02/Texture/Grass_Flower_Tint_02_FlowerBlue_A_AO.png
  artifactKey: Guid(30bb411d453d15d4c81ec00ac104a2ce) Importer(815301076,1909f56bfc062723c751e8b465ee728b)
Start importing Assets/Common/Materials/Cartoon_Texture_Pack/GRASS/GRASS_Flower/GRASS_Flower_Tint_02/Texture/Grass_Flower_Tint_02_FlowerBlue_A_AO.png using Guid(30bb411d453d15d4c81ec00ac104a2ce) Importer(815301076,1909f56bfc062723c751e8b465ee728b)  -> (artifact id: 'ab9ac45e3214e830d98171a211bfa55b') in 0.026400 seconds 
  Import took 0.032106 seconds .

========================================================================
Received Import Request.
  Time since last request: 0.000181 seconds.
  path: Assets/Common/Materials/Cartoon_Texture_Pack/GRASS/GRASS_Flower/GRASS_Flower_Tint_02/Texture/Grass_Flower_Tint_02_FlowerPurple_A_AO.png
  artifactKey: Guid(54de0097faccf4347887f16421864e59) Importer(815301076,1909f56bfc062723c751e8b465ee728b)
Start importing Assets/Common/Materials/Cartoon_Texture_Pack/GRASS/GRASS_Flower/GRASS_Flower_Tint_02/Texture/Grass_Flower_Tint_02_FlowerPurple_A_AO.png using Guid(54de0097faccf4347887f16421864e59) Importer(815301076,1909f56bfc062723c751e8b465ee728b)  -> (artifact id: '9e187eda0a1c1fea59be819368025ede') in 0.026461 seconds 
  Import took 0.033155 seconds .

========================================================================
Received Import Request.
  Time since last request: 0.000099 seconds.
  path: Assets/Common/Materials/Cartoon_Texture_Pack/GRASS/GRASS_Flower/GRASS_Flower_Tint_02/Texture/Grass_Flower_Tint_02_FlowerBlue_B_Height.png
  artifactKey: Guid(ef58ee75e46da6b46bee427fbc28bb4c) Importer(815301076,1909f56bfc062723c751e8b465ee728b)
Start importing Assets/Common/Materials/Cartoon_Texture_Pack/GRASS/GRASS_Flower/GRASS_Flower_Tint_02/Texture/Grass_Flower_Tint_02_FlowerBlue_B_Height.png using Guid(ef58ee75e46da6b46bee427fbc28bb4c) Importer(815301076,1909f56bfc062723c751e8b465ee728b)  -> (artifact id: 'd9ac6192e9ea32ddac9d5b62be45eac3') in 0.025563 seconds 
  Import took 0.032707 seconds .

========================================================================
Received Import Request.
  Time since last request: 0.000171 seconds.
  path: Assets/Common/Materials/Cartoon_Texture_Pack/GRASS/GRASS_Flower/GRASS_Flower_Tint_02/Texture/Grass_Flower_Tint_02_FlowerBlue_A_Height.png
  artifactKey: Guid(36bbce81ae6d02b478d87a8d2a4803de) Importer(815301076,1909f56bfc062723c751e8b465ee728b)
Start importing Assets/Common/Materials/Cartoon_Texture_Pack/GRASS/GRASS_Flower/GRASS_Flower_Tint_02/Texture/Grass_Flower_Tint_02_FlowerBlue_A_Height.png using Guid(36bbce81ae6d02b478d87a8d2a4803de) Importer(815301076,1909f56bfc062723c751e8b465ee728b)  -> (artifact id: '78f91a16c4603bbe8b2c0ddc541b0b2e') in 0.026001 seconds 
  Import took 0.032814 seconds .

========================================================================
Received Import Request.
  Time since last request: 0.000163 seconds.
  path: Assets/Common/Materials/Cartoon_Texture_Pack/GRASS/GRASS_Flower/GRASS_Flower_Tint_02/Texture/Grass_Flower_Tint_02_Base_Basecolor.png
  artifactKey: Guid(b6e958058e84ea540a4e6d7946673f53) Importer(815301076,1909f56bfc062723c751e8b465ee728b)
Start importing Assets/Common/Materials/Cartoon_Texture_Pack/GRASS/GRASS_Flower/GRASS_Flower_Tint_02/Texture/Grass_Flower_Tint_02_Base_Basecolor.png using Guid(b6e958058e84ea540a4e6d7946673f53) Importer(815301076,1909f56bfc062723c751e8b465ee728b)  -> (artifact id: '410c3655f7f817d0694c0938e2be505f') in 0.020763 seconds 
  Import took 0.025730 seconds .

========================================================================
Received Import Request.
  Time since last request: 0.000171 seconds.
  path: Assets/Common/Materials/Cartoon_Texture_Pack/GRASS/GRASS_Flower/GRASS_Flower_Tint_02/Texture/Grass_Flower_Tint_02_FlowerPurple_A_Basecolor.png
  artifactKey: Guid(26408f3456289d04583fce2a70b66d98) Importer(815301076,1909f56bfc062723c751e8b465ee728b)
Start importing Assets/Common/Materials/Cartoon_Texture_Pack/GRASS/GRASS_Flower/GRASS_Flower_Tint_02/Texture/Grass_Flower_Tint_02_FlowerPurple_A_Basecolor.png using Guid(26408f3456289d04583fce2a70b66d98) Importer(815301076,1909f56bfc062723c751e8b465ee728b)  -> (artifact id: 'bc6149a86253510eeddb310610cd825b') in 0.029044 seconds 
  Import took 0.034096 seconds .

========================================================================
Received Import Request.
  Time since last request: 0.000623 seconds.
  path: Assets/Common/Materials/Cartoon_Texture_Pack/GRASS/GRASS_Flower/GRASS_Flower_Tint_02/Texture/Grass_Flower_Tint_02_FlowerBlue_B_Metallic.png
  artifactKey: Guid(02da0673d37baed449d482902d67287a) Importer(815301076,1909f56bfc062723c751e8b465ee728b)
Start importing Assets/Common/Materials/Cartoon_Texture_Pack/GRASS/GRASS_Flower/GRASS_Flower_Tint_02/Texture/Grass_Flower_Tint_02_FlowerBlue_B_Metallic.png using Guid(02da0673d37baed449d482902d67287a) Importer(815301076,1909f56bfc062723c751e8b465ee728b)  -> (artifact id: '8852230a76842060d73aafe69782a137') in 0.027502 seconds 
  Import took 0.033758 seconds .

========================================================================
Received Import Request.
  Time since last request: 0.000178 seconds.
  path: Assets/Common/Materials/Cartoon_Texture_Pack/GRASS/GRASS_Flower/GRASS_Flower_Tint_02/Texture/Grass_Flower_Tint_02_Base_Height.png
  artifactKey: Guid(3754701c0ba5f5e4db943f12dfb81cab) Importer(815301076,1909f56bfc062723c751e8b465ee728b)
Start importing Assets/Common/Materials/Cartoon_Texture_Pack/GRASS/GRASS_Flower/GRASS_Flower_Tint_02/Texture/Grass_Flower_Tint_02_Base_Height.png using Guid(3754701c0ba5f5e4db943f12dfb81cab) Importer(815301076,1909f56bfc062723c751e8b465ee728b)  -> (artifact id: '5c1048a7ace9a8da2e24bcc61579751e') in 0.016593 seconds 
  Import took 0.022597 seconds .

========================================================================
Received Import Request.
  Time since last request: 0.000051 seconds.
  path: Assets/Common/Materials/Cartoon_Texture_Pack/GRASS/GRASS_Flower/GRASS_Flower_Tint_02/Texture/Grass_Flower_Tint_02_FlowerBlue_A_Basecolor.png
  artifactKey: Guid(80fd47506951736449e2a7e364a70350) Importer(815301076,1909f56bfc062723c751e8b465ee728b)
Start importing Assets/Common/Materials/Cartoon_Texture_Pack/GRASS/GRASS_Flower/GRASS_Flower_Tint_02/Texture/Grass_Flower_Tint_02_FlowerBlue_A_Basecolor.png using Guid(80fd47506951736449e2a7e364a70350) Importer(815301076,1909f56bfc062723c751e8b465ee728b)  -> (artifact id: 'f1db9c2d0f460b07d1dd756432f9ce9c') in 0.029716 seconds 
  Import took 0.034793 seconds .

========================================================================
Received Import Request.
  Time since last request: 0.000196 seconds.
  path: Assets/Common/Materials/Cartoon_Texture_Pack/GRASS/GRASS_Flower/GRASS_Flower_Tint_02/Texture/Grass_Flower_Tint_02_Base_Normal.png
  artifactKey: Guid(82dce51beac715246886be8ad9181ac0) Importer(815301076,1909f56bfc062723c751e8b465ee728b)
Start importing Assets/Common/Materials/Cartoon_Texture_Pack/GRASS/GRASS_Flower/GRASS_Flower_Tint_02/Texture/Grass_Flower_Tint_02_Base_Normal.png using Guid(82dce51beac715246886be8ad9181ac0) Importer(815301076,1909f56bfc062723c751e8b465ee728b)  -> (artifact id: 'ed5bf47f87d18468694f3a9513c81579') in 0.027278 seconds 
  Import took 0.033086 seconds .

========================================================================
Received Import Request.
  Time since last request: 0.000175 seconds.
  path: Assets/Common/Materials/Cartoon_Texture_Pack/GRASS/GRASS_Flower/GRASS_Flower_Tint_02/Texture/Grass_Flower_Tint_02_Base_Metallic.png
  artifactKey: Guid(3612b8b0d2379d04a9c5b30f2045fd67) Importer(815301076,1909f56bfc062723c751e8b465ee728b)
Start importing Assets/Common/Materials/Cartoon_Texture_Pack/GRASS/GRASS_Flower/GRASS_Flower_Tint_02/Texture/Grass_Flower_Tint_02_Base_Metallic.png using Guid(3612b8b0d2379d04a9c5b30f2045fd67) Importer(815301076,1909f56bfc062723c751e8b465ee728b)  -> (artifact id: 'a00a6667a31ab3b9fd8d6f4914436515') in 0.018569 seconds 
  Import took 0.022848 seconds .

========================================================================
Received Import Request.
  Time since last request: 0.000187 seconds.
  path: Assets/Common/Materials/Cartoon_Texture_Pack/GRASS/GRASS_Flower/GRASS_Flower_Tint_02/Texture/Grass_Flower_Tint_02_FlowerBlue_A_Normal.png
  artifactKey: Guid(f19bed7d75735df42a79d7b883216cf1) Importer(815301076,1909f56bfc062723c751e8b465ee728b)
Start importing Assets/Common/Materials/Cartoon_Texture_Pack/GRASS/GRASS_Flower/GRASS_Flower_Tint_02/Texture/Grass_Flower_Tint_02_FlowerBlue_A_Normal.png using Guid(f19bed7d75735df42a79d7b883216cf1) Importer(815301076,1909f56bfc062723c751e8b465ee728b)  -> (artifact id: '6fbc91e8025854c38c8af099ce8c02e4') in 0.035843 seconds 
  Import took 0.040417 seconds .

========================================================================
Received Import Request.
  Time since last request: 0.000176 seconds.
  path: Assets/Common/Materials/Cartoon_Texture_Pack/GRASS/GRASS_Flower/GRASS_Flower_Tint_02/Texture/Grass_Flower_Tint_02_FlowerBlue_B_Basecolor.png
  artifactKey: Guid(c6614ed1f7bc5564f8495fadee9724b0) Importer(815301076,1909f56bfc062723c751e8b465ee728b)
Start importing Assets/Common/Materials/Cartoon_Texture_Pack/GRASS/GRASS_Flower/GRASS_Flower_Tint_02/Texture/Grass_Flower_Tint_02_FlowerBlue_B_Basecolor.png using Guid(c6614ed1f7bc5564f8495fadee9724b0) Importer(815301076,1909f56bfc062723c751e8b465ee728b)  -> (artifact id: '6173b151305f0bc17e92b63f96a33d32') in 0.043078 seconds 
  Import took 0.051334 seconds .

========================================================================
Received Import Request.
  Time since last request: 0.000444 seconds.
  path: Assets/Common/Materials/Cartoon_Texture_Pack/GRASS/GRASS_Flower/GRASS_Flower_Tint_02/Texture/Grass_Flower_Tint_02_FlowerBlue_B_Normal.png
  artifactKey: Guid(476dd87ffc5481e40b2ef0c257840310) Importer(815301076,1909f56bfc062723c751e8b465ee728b)
Start importing Assets/Common/Materials/Cartoon_Texture_Pack/GRASS/GRASS_Flower/GRASS_Flower_Tint_02/Texture/Grass_Flower_Tint_02_FlowerBlue_B_Normal.png using Guid(476dd87ffc5481e40b2ef0c257840310) Importer(815301076,1909f56bfc062723c751e8b465ee728b)  -> (artifact id: '24f3d83be970d8287b3ac0b7239d592d') in 0.090305 seconds 
  Import took 0.096954 seconds .

========================================================================
Received Import Request.
  Time since last request: 32.847895 seconds.
  path: Assets/Common/Materials/New Material.mat
  artifactKey: Guid(071e79ca417e5d64dab30fc97d9b5bb0) Importer(815301076,1909f56bfc062723c751e8b465ee728b)
Start importing Assets/Common/Materials/New Material.mat using Guid(071e79ca417e5d64dab30fc97d9b5bb0) Importer(815301076,1909f56bfc062723c751e8b465ee728b)  -> (artifact id: '324e2febcbb169320c7c7bf8cfa69fec') in 0.017340 seconds 
  Import took 0.021408 seconds .

========================================================================
Received Import Request.
  Time since last request: 5.176372 seconds.
  path: Assets/Common/Materials/Cartoon_Texture_Pack/GRASS/GRASS_Flower/GRASS_Flower_Tint_02/Texture/Grass_Flower_Tint_02_FlowerPurple_A_Height.png
  artifactKey: Guid(e7ab03ff336e49b4caae3178e05c69e2) Importer(815301076,1909f56bfc062723c751e8b465ee728b)
Start importing Assets/Common/Materials/Cartoon_Texture_Pack/GRASS/GRASS_Flower/GRASS_Flower_Tint_02/Texture/Grass_Flower_Tint_02_FlowerPurple_A_Height.png using Guid(e7ab03ff336e49b4caae3178e05c69e2) Importer(815301076,1909f56bfc062723c751e8b465ee728b)  -> (artifact id: '1881a469d7304a774ffb246306692e29') in 0.041394 seconds 
  Import took 0.053332 seconds .

========================================================================
Received Import Request.
  Time since last request: 0.000207 seconds.
  path: Assets/Common/Materials/Cartoon_Texture_Pack/GRASS/GRASS_Flower/GRASS_Flower_Tint_02/Texture/Grass_Flower_Tint_02_FlowerPurple_B_AO.png
  artifactKey: Guid(a9fc334d5a10a9f41a7b52bb3f056b95) Importer(815301076,1909f56bfc062723c751e8b465ee728b)
Start importing Assets/Common/Materials/Cartoon_Texture_Pack/GRASS/GRASS_Flower/GRASS_Flower_Tint_02/Texture/Grass_Flower_Tint_02_FlowerPurple_B_AO.png using Guid(a9fc334d5a10a9f41a7b52bb3f056b95) Importer(815301076,1909f56bfc062723c751e8b465ee728b)  -> (artifact id: '72231cf627f736a27c5aab3229a2a2f1') in 0.042246 seconds 
  Import took 0.048960 seconds .

========================================================================
Received Import Request.
  Time since last request: 0.000182 seconds.
  path: Assets/Common/Materials/Cartoon_Texture_Pack/GRASS/GRASS_Flower/GRASS_Flower_Tint_02/Texture/Grass_Flower_Tint_02_FlowerPurple_B_Basecolor.png
  artifactKey: Guid(0ea2403f81de68a4eb1effe14694e0f4) Importer(815301076,1909f56bfc062723c751e8b465ee728b)
Start importing Assets/Common/Materials/Cartoon_Texture_Pack/GRASS/GRASS_Flower/GRASS_Flower_Tint_02/Texture/Grass_Flower_Tint_02_FlowerPurple_B_Basecolor.png using Guid(0ea2403f81de68a4eb1effe14694e0f4) Importer(815301076,1909f56bfc062723c751e8b465ee728b)  -> (artifact id: 'a2fea35e78acd8a39dc7d0fcf86e7c95') in 0.039424 seconds 
  Import took 0.047031 seconds .

========================================================================
Received Import Request.
  Time since last request: 0.000108 seconds.
  path: Assets/Common/Materials/Cartoon_Texture_Pack/GRASS/GRASS_Flower/GRASS_Flower_Tint_02/Texture/Grass_Flower_Tint_02_FlowerPurple_B_Metallic.png
  artifactKey: Guid(49a35c33012a5574983fe05fa8f8ab93) Importer(815301076,1909f56bfc062723c751e8b465ee728b)
Start importing Assets/Common/Materials/Cartoon_Texture_Pack/GRASS/GRASS_Flower/GRASS_Flower_Tint_02/Texture/Grass_Flower_Tint_02_FlowerPurple_B_Metallic.png using Guid(49a35c33012a5574983fe05fa8f8ab93) Importer(815301076,1909f56bfc062723c751e8b465ee728b)  -> (artifact id: '0790d48c5da9a5f9c98e585398232904') in 0.032198 seconds 
  Import took 0.038065 seconds .

========================================================================
Received Import Request.
  Time since last request: 0.000189 seconds.
  path: Assets/Common/Materials/Cartoon_Texture_Pack/GRASS/GRASS_Flower/GRASS_Flower_Tint_02/Texture/Grass_Flower_Tint_02_FlowerPurple_A_Normal.png
  artifactKey: Guid(fd56d9b1f718fdd4fbca96569ac9b76f) Importer(815301076,1909f56bfc062723c751e8b465ee728b)
Start importing Assets/Common/Materials/Cartoon_Texture_Pack/GRASS/GRASS_Flower/GRASS_Flower_Tint_02/Texture/Grass_Flower_Tint_02_FlowerPurple_A_Normal.png using Guid(fd56d9b1f718fdd4fbca96569ac9b76f) Importer(815301076,1909f56bfc062723c751e8b465ee728b)  -> (artifact id: '05553e07b01699fa0403e493cae369a2') in 0.046203 seconds 
  Import took 0.051286 seconds .

========================================================================
Received Import Request.
  Time since last request: 0.000188 seconds.
  path: Assets/Common/Materials/Cartoon_Texture_Pack/GRASS/GRASS_Flower/GRASS_Flower_Tint_02/Texture/Grass_Flower_Tint_02_FlowerPurple_B_Height.png
  artifactKey: Guid(5593a653384072240ac84f7e9266dbeb) Importer(815301076,1909f56bfc062723c751e8b465ee728b)
Start importing Assets/Common/Materials/Cartoon_Texture_Pack/GRASS/GRASS_Flower/GRASS_Flower_Tint_02/Texture/Grass_Flower_Tint_02_FlowerPurple_B_Height.png using Guid(5593a653384072240ac84f7e9266dbeb) Importer(815301076,1909f56bfc062723c751e8b465ee728b)  -> (artifact id: '45171253a405586858b2c1ff34ecfb67') in 0.048917 seconds 
  Import took 0.059153 seconds .

========================================================================
Received Import Request.
  Time since last request: 0.000049 seconds.
  path: Assets/Common/Materials/Cartoon_Texture_Pack/GRASS/GRASS_Flower/GRASS_Flower_Tint_02/Texture/Grass_Flower_Tint_02_FlowerPurple_B_Normal.png
  artifactKey: Guid(577d360a97db35645a882481413a2979) Importer(815301076,1909f56bfc062723c751e8b465ee728b)
Start importing Assets/Common/Materials/Cartoon_Texture_Pack/GRASS/GRASS_Flower/GRASS_Flower_Tint_02/Texture/Grass_Flower_Tint_02_FlowerPurple_B_Normal.png using Guid(577d360a97db35645a882481413a2979) Importer(815301076,1909f56bfc062723c751e8b465ee728b)  -> (artifact id: '243251ee72b4e67beff316073bff1757') in 0.050474 seconds 
  Import took 0.059009 seconds .

========================================================================
Received Import Request.
  Time since last request: 0.000248 seconds.
  path: Assets/Common/Materials/Cartoon_Texture_Pack/GRASS/GRASS_Flower/GRASS_Flower_Tint_02/Texture/Grass_Flower_Tint_02_FlowerPurple_A_Metallic.png
  artifactKey: Guid(c70de765acff2f3469a4086fe4ae4add) Importer(815301076,1909f56bfc062723c751e8b465ee728b)
Start importing Assets/Common/Materials/Cartoon_Texture_Pack/GRASS/GRASS_Flower/GRASS_Flower_Tint_02/Texture/Grass_Flower_Tint_02_FlowerPurple_A_Metallic.png using Guid(c70de765acff2f3469a4086fe4ae4add) Importer(815301076,1909f56bfc062723c751e8b465ee728b)  -> (artifact id: 'cd3a8c1277f0df97085d78e44734303f') in 0.042904 seconds 
  Import took 0.047921 seconds .

========================================================================
Received Import Request.
  Time since last request: 1.596847 seconds.
  path: Assets/Common/Materials/Prefabs/big-rock-v1.prefab
  artifactKey: Guid(a731a5888deb1452c85a799ce920693a) Importer(815301076,1909f56bfc062723c751e8b465ee728b)
Start importing Assets/Common/Materials/Prefabs/big-rock-v1.prefab using Guid(a731a5888deb1452c85a799ce920693a) Importer(815301076,1909f56bfc062723c751e8b465ee728b)  -> (artifact id: 'cca975480063d8e0e75cc532ca007786') in 0.026153 seconds 
  Import took 0.030267 seconds .

========================================================================
Received Import Request.
  Time since last request: 0.000298 seconds.
  path: Assets/Common/Materials/Prefabs/big-rock-v3.prefab
  artifactKey: Guid(4e70a5eab306845d48eef84bfe642eb8) Importer(815301076,1909f56bfc062723c751e8b465ee728b)
Start importing Assets/Common/Materials/Prefabs/big-rock-v3.prefab using Guid(4e70a5eab306845d48eef84bfe642eb8) Importer(815301076,1909f56bfc062723c751e8b465ee728b)  -> (artifact id: '39e08e560426d7db02c7fc8dc8707ec9') in 0.023853 seconds 
  Import took 0.027660 seconds .

========================================================================
Received Import Request.
  Time since last request: 0.000296 seconds.
  path: Assets/Common/Materials/Prefabs/right-bone-v2.prefab
  artifactKey: Guid(43b6c6a9a1dad4904ab977816567a09a) Importer(815301076,1909f56bfc062723c751e8b465ee728b)
Start importing Assets/Common/Materials/Prefabs/right-bone-v2.prefab using Guid(43b6c6a9a1dad4904ab977816567a09a) Importer(815301076,1909f56bfc062723c751e8b465ee728b)  -> (artifact id: 'bba58a2991e47b760ff4adeff2b08f7c') in 0.022303 seconds 
  Import took 0.028445 seconds .

========================================================================
Received Import Request.
  Time since last request: 0.000238 seconds.
  path: Assets/Common/Materials/Prefabs/right-bone-v3.prefab
  artifactKey: Guid(adb5813d09e114e9088f8e81af0c7cca) Importer(815301076,1909f56bfc062723c751e8b465ee728b)
Start importing Assets/Common/Materials/Prefabs/right-bone-v3.prefab using Guid(adb5813d09e114e9088f8e81af0c7cca) Importer(815301076,1909f56bfc062723c751e8b465ee728b)  -> (artifact id: '5a7800d4442f13ed09afc1e5ef0e9b38') in 0.020852 seconds 
  Import took 0.027689 seconds .

========================================================================
Received Import Request.
  Time since last request: 0.000367 seconds.
  path: Assets/Common/Materials/Prefabs/right-bone-v1.prefab
  artifactKey: Guid(6b92afe3bdba6496dbc6f0b0aa90756f) Importer(815301076,1909f56bfc062723c751e8b465ee728b)
Start importing Assets/Common/Materials/Prefabs/right-bone-v1.prefab using Guid(6b92afe3bdba6496dbc6f0b0aa90756f) Importer(815301076,1909f56bfc062723c751e8b465ee728b)  -> (artifact id: 'a6d2b4db67ffcd9dc6a454f45a37324a') in 0.028871 seconds 
  Import took 0.035735 seconds .

========================================================================
Received Import Request.
  Time since last request: 0.000236 seconds.
  path: Assets/Common/Materials/Prefabs/right-bone-v4.prefab
  artifactKey: Guid(f82132285adae413283d0dfe3bcbc912) Importer(815301076,1909f56bfc062723c751e8b465ee728b)
Start importing Assets/Common/Materials/Prefabs/right-bone-v4.prefab using Guid(f82132285adae413283d0dfe3bcbc912) Importer(815301076,1909f56bfc062723c751e8b465ee728b)  -> (artifact id: '7d429fb13c0d5ec499943275a7df2515') in 0.023084 seconds 
  Import took 0.028363 seconds .

========================================================================
Received Import Request.
  Time since last request: 1.315975 seconds.
  path: Assets/Common/Materials/Materials/276-2761027_pixel-spaceship-pixel-art-spaceship.mat
  artifactKey: Guid(cf77f45133c9bf448a9575ea217559ab) Importer(815301076,1909f56bfc062723c751e8b465ee728b)
Start importing Assets/Common/Materials/Materials/276-2761027_pixel-spaceship-pixel-art-spaceship.mat using Guid(cf77f45133c9bf448a9575ea217559ab) Importer(815301076,1909f56bfc062723c751e8b465ee728b)  -> (artifact id: 'c4bc964f225965cea7138a61edd39adb') in 0.017311 seconds 
  Import took 0.021778 seconds .

========================================================================
Received Prepare
Registering precompiled user dll's ...
Registered in 0.001130 seconds.
Begin MonoManager ReloadAssembly
Native extension for WindowsStandalone target not found
Refreshing native plugins compatible for Editor in 0.54 ms, found 0 plugins.
Preloading 0 native plugins for Editor in 0.00 ms.
Mono: successfully reloaded assembly
- Completed reload, in  0.849 seconds
Domain Reload Profiling:
	ReloadAssembly (850ms)
		BeginReloadAssembly (116ms)
			ExecutionOrderSort (0ms)
			DisableScriptedObjects (6ms)
			BackupInstance (0ms)
			ReleaseScriptingObjects (0ms)
			CreateAndSetChildDomain (26ms)
		EndReloadAssembly (676ms)
			LoadAssemblies (97ms)
			RebuildTransferFunctionScriptingTraits (0ms)
			SetupTypeCache (239ms)
			ReleaseScriptCaches (1ms)
			RebuildScriptCaches (44ms)
			SetupLoadedEditorAssemblies (211ms)
				LogAssemblyErrors (0ms)
				InitializePlatformSupportModulesInManaged (4ms)
				SetLoadedEditorAssemblies (1ms)
				RefreshPlugins (1ms)
				BeforeProcessingInitializeOnLoad (60ms)
				ProcessInitializeOnLoadAttributes (137ms)
				ProcessInitializeOnLoadMethodAttributes (6ms)
				AfterProcessingInitializeOnLoad (2ms)
				EditorAssembliesLoaded (0ms)
			ExecutionOrderSort2 (0ms)
			AwakeInstancesAfterBackupRestoration (7ms)
Platform modules already initialized, skipping
Refreshing native plugins compatible for Editor in 0.54 ms, found 0 plugins.
Preloading 0 native plugins for Editor in 0.00 ms.
Unloading 2422 Unused Serialized files (Serialized files now loaded: 0)
System memory in use before: 210.0 MB.
System memory in use after: 210.2 MB.

Unloading 6 unused Assets to reduce memory usage. Loaded Objects now: 3013.
Total: 2.904400 ms (FindLiveObjects: 0.240000 ms CreateObjectMapping: 0.120900 ms MarkObjects: 2.524800 ms  DeleteObjects: 0.017700 ms)

AssetImportParameters requested are different than current active one (requested -> active):
  custom:framework-win-MediaFoundation: 216162199b28c13a410421893ffa2e32 -> 
  custom:video-decoder-ogg-theora: a1e56fd34408186e4bbccfd4996cb3dc -> 
  custom:container-muxer-webm: aa71ff27fc2769a1b78a27578f13a17b -> 
  custom:container-demuxer-webm: 4f35f7cbe854078d1ac9338744f61a02 -> 
  custom:container-demuxer-ogg: 62fdf1f143b41e24485cea50d1cbac27 -> 
  custom:video-encoder-webm-vp8: eb34c28f22e8b96e1ab97ce403110664 -> 
  custom:video-decoder-webm-vp8: 9c59270c3fd7afecdb556c50c9e8de78 -> 
  custom:audio-decoder-ogg-vorbis: bf7c407c2cedff20999df2af8eb42d56 -> 
  custom:audio-encoder-webm-vorbis: bf7c407c2cedff20999df2af8eb42d56 -> 
AssetImportWorkerClient::OnTransportError - code=2 error=End of file
